Build started 22-06-2020 03:38:22.
     1>Project "D:\Seneca Study\SEM 2\PRG\Rakesh\PRG255 Project\ConsoleApplication2\ConsoleApplication2.vcxproj" on node 2 (Build target(s)).
     1>ClCompile:
         C:\Program Files (x86)\Microsoft Visual Studio 11.0\VC\bin\CL.exe /c /ZI /nologo /W3 /WX- /Od /Oy- /D WIN32 /D _DEBUG /D _CONSOLE /D _UNICODE /D UNICODE /Gm /EHsc /RTC1 /MDd /GS /fp:precise /Zc:wchar_t /Zc:forScope /Fo"Debug\\" /Fd"Debug\vc110.pdb" /Gd /TP /analyze- /errorReport:prompt Source.cpp
         Source.cpp
     1>d:\seneca study\sem 2\prg\rakesh\prg255 project\consoleapplication2\source.cpp(42): warning C4996: 'fopen': This function or variable may be unsafe. Consider using fopen_s instead. To disable deprecation, use _CRT_SECURE_NO_WARNINGS. See online help for details.
                 c:\program files (x86)\microsoft visual studio 11.0\vc\include\stdio.h(218) : see declaration of 'fopen'
     1>d:\seneca study\sem 2\prg\rakesh\prg255 project\consoleapplication2\source.cpp(65): warning C4996: 'fopen': This function or variable may be unsafe. Consider using fopen_s instead. To disable deprecation, use _CRT_SECURE_NO_WARNINGS. See online help for details.
                 c:\program files (x86)\microsoft visual studio 11.0\vc\include\stdio.h(218) : see declaration of 'fopen'
     1>d:\seneca study\sem 2\prg\rakesh\prg255 project\consoleapplication2\source.cpp(67): warning C4996: 'fscanf': This function or variable may be unsafe. Consider using fscanf_s instead. To disable deprecation, use _CRT_SECURE_NO_WARNINGS. See online help for details.
                 c:\program files (x86)\microsoft visual studio 11.0\vc\include\stdio.h(237) : see declaration of 'fscanf'
     1>d:\seneca study\sem 2\prg\rakesh\prg255 project\consoleapplication2\source.cpp(72): warning C4996: 'strcpy': This function or variable may be unsafe. Consider using strcpy_s instead. To disable deprecation, use _CRT_SECURE_NO_WARNINGS. See online help for details.
                 c:\program files (x86)\microsoft visual studio 11.0\vc\include\string.h(110) : see declaration of 'strcpy'
     1>d:\seneca study\sem 2\prg\rakesh\prg255 project\consoleapplication2\source.cpp(88): warning C4996: 'strcpy': This function or variable may be unsafe. Consider using strcpy_s instead. To disable deprecation, use _CRT_SECURE_NO_WARNINGS. See online help for details.
                 c:\program files (x86)\microsoft visual studio 11.0\vc\include\string.h(110) : see declaration of 'strcpy'
     1>d:\seneca study\sem 2\prg\rakesh\prg255 project\consoleapplication2\source.cpp(102): warning C4996: 'strcpy': This function or variable may be unsafe. Consider using strcpy_s instead. To disable deprecation, use _CRT_SECURE_NO_WARNINGS. See online help for details.
                 c:\program files (x86)\microsoft visual studio 11.0\vc\include\string.h(110) : see declaration of 'strcpy'
     1>d:\seneca study\sem 2\prg\rakesh\prg255 project\consoleapplication2\source.cpp(104): warning C4996: 'strcpy': This function or variable may be unsafe. Consider using strcpy_s instead. To disable deprecation, use _CRT_SECURE_NO_WARNINGS. See online help for details.
                 c:\program files (x86)\microsoft visual studio 11.0\vc\include\string.h(110) : see declaration of 'strcpy'
     1>d:\seneca study\sem 2\prg\rakesh\prg255 project\consoleapplication2\source.cpp(106): warning C4996: 'strcpy': This function or variable may be unsafe. Consider using strcpy_s instead. To disable deprecation, use _CRT_SECURE_NO_WARNINGS. See online help for details.
                 c:\program files (x86)\microsoft visual studio 11.0\vc\include\string.h(110) : see declaration of 'strcpy'
     1>d:\seneca study\sem 2\prg\rakesh\prg255 project\consoleapplication2\source.cpp(117): warning C4996: 'fopen': This function or variable may be unsafe. Consider using fopen_s instead. To disable deprecation, use _CRT_SECURE_NO_WARNINGS. See online help for details.
                 c:\program files (x86)\microsoft visual studio 11.0\vc\include\stdio.h(218) : see declaration of 'fopen'
       Link:
         C:\Program Files (x86)\Microsoft Visual Studio 11.0\VC\bin\link.exe /ERRORREPORT:PROMPT /OUT:"D:\Seneca Study\SEM 2\PRG\Rakesh\PRG255 Project\Debug\ConsoleApplication2.exe" /INCREMENTAL /NOLOGO kernel32.lib user32.lib gdi32.lib winspool.lib comdlg32.lib advapi32.lib shell32.lib ole32.lib oleaut32.lib uuid.lib odbc32.lib odbccp32.lib /MANIFEST /MANIFESTUAC:"level='asInvoker' uiAccess='false'" /manifest:embed /DEBUG /PDB:"D:\Seneca Study\SEM 2\PRG\Rakesh\PRG255 Project\Debug\ConsoleApplication2.pdb" /SUBSYSTEM:CONSOLE /TLBID:1 /DYNAMICBASE /NXCOMPAT /IMPLIB:"D:\Seneca Study\SEM 2\PRG\Rakesh\PRG255 Project\Debug\ConsoleApplication2.lib" /MACHINE:X86 Debug\Source.obj
         LINK : D:\Seneca Study\SEM 2\PRG\Rakesh\PRG255 Project\Debug\ConsoleApplication2.exe not found or not built by the last incremental link; performing full link
         ConsoleApplication2.vcxproj -> D:\Seneca Study\SEM 2\PRG\Rakesh\PRG255 Project\Debug\ConsoleApplication2.exe
     1>Done Building Project "D:\Seneca Study\SEM 2\PRG\Rakesh\PRG255 Project\ConsoleApplication2\ConsoleApplication2.vcxproj" (Build target(s)).

Build succeeded.

Time Elapsed 00:00:01.95
